<?xml version="1.0" encoding="UTF-8"?>
<testng-results skipped="0" failed="0" ignored="0" total="1" passed="1">
  <reporter-output>
  </reporter-output>
  <suite name="Default suite" duration-ms="26136" started-at="2019-02-14T08:54:41Z" finished-at="2019-02-14T08:55:07Z">
    <groups>
    </groups>
    <test name="Default test" duration-ms="26136" started-at="2019-02-14T08:54:41Z" finished-at="2019-02-14T08:55:07Z">
      <class name="actionDemos.ConvertToUpperCase">
        <test-method status="PASS" signature="convert()[pri:0, instance:actionDemos.ConvertToUpperCase@51565ec2]" name="convert" duration-ms="26034" started-at="2019-02-14T14:24:41Z" finished-at="2019-02-14T14:25:07Z">
          <reporter-output>
          </reporter-output>
        </test-method> <!-- convert -->
      </class> <!-- actionDemos.ConvertToUpperCase -->
    </test> <!-- Default test -->
  </suite> <!-- Default suite -->
</testng-results>
