<?xml version="1.0" encoding="UTF-8"?>
<!-- Generated by org.testng.reporters.JUnitXMLReporter -->
<testsuite hostname="HDC1-D-C7ZPXJ2" ignored="0" name="Default test" tests="4" failures="0" timestamp="12 Feb 2019 10:41:32 GMT" time="64.825" errors="0">
  <testcase name="loginCheckusingDataProvider" time="10.316" classname="nonePageFactory.TestLoginDDTNONPageFactory"/>
  <testcase name="loginCheckusingDataProvider" time="7.571" classname="nonePageFactory.TestLoginDDTNONPageFactory"/>
  <testcase name="loginCheckusingDataProvider" time="16.792" classname="nonePageFactory.TestLoginDDTNONPageFactory"/>
  <testcase name="loginCheckusingDataProvider" time="17.544" classname="nonePageFactory.TestLoginDDTNONPageFactory"/>
</testsuite> <!-- Default test -->
