<?xml version="1.0" encoding="UTF-8"?>
<testng-results skipped="0" failed="0" ignored="0" total="6" passed="6">
  <reporter-output>
  </reporter-output>
  <suite name="Default suite" duration-ms="67533" started-at="2019-03-14T14:01:04Z" finished-at="2019-03-14T14:02:11Z">
    <groups>
    </groups>
    <test name="Default test" duration-ms="67533" started-at="2019-03-14T14:01:04Z" finished-at="2019-03-14T14:02:11Z">
      <class name="tests.TestRunner">
        <test-method status="PASS" signature="beforeTest()[pri:0, instance:tests.TestRunner@14acaea5]" name="beforeTest" is-config="true" duration-ms="8704" started-at="2019-03-14T14:01:04Z" finished-at="2019-03-14T14:01:12Z">
          <reporter-output>
          </reporter-output>
        </test-method> <!-- beforeTest -->
        <test-method status="PASS" signature="bankLoginTest(java.lang.String, java.lang.String)[pri:1, instance:tests.TestRunner@14acaea5]" name="bankLoginTest" duration-ms="12744" started-at="2019-03-14T14:01:12Z" data-provider="credentials" finished-at="2019-03-14T14:01:25Z">
          <params>
            <param index="0">
              <value>
                <![CDATA[mngr182546]]>
              </value>
            </param>
            <param index="1">
              <value>
                <![CDATA[myjyvYj]]>
              </value>
            </param>
          </params>
          <reporter-output>
          </reporter-output>
        </test-method> <!-- bankLoginTest -->
        <test-method status="PASS" signature="addCustomerTest(java.lang.String, java.lang.String, int, java.lang.String, java.lang.String, java.lang.String, int, long, java.lang.String, int)[pri:2, instance:tests.TestRunner@14acaea5]" name="addCustomerTest" duration-ms="15402" started-at="2019-03-14T14:01:25Z" data-provider="CustData" finished-at="2019-03-14T14:01:41Z">
          <params>
            <param index="0">
              <value>
                <![CDATA[Testing]]>
              </value>
            </param>
            <param index="1">
              <value>
                <![CDATA[m]]>
              </value>
            </param>
            <param index="2">
              <value>
                <![CDATA[11121989]]>
              </value>
            </param>
            <param index="3">
              <value>
                <![CDATA[test street test colony]]>
              </value>
            </param>
            <param index="4">
              <value>
                <![CDATA[TestCity]]>
              </value>
            </param>
            <param index="5">
              <value>
                <![CDATA[TestState]]>
              </value>
            </param>
            <param index="6">
              <value>
                <![CDATA[123456]]>
              </value>
            </param>
            <param index="7">
              <value>
                <![CDATA[2147483647]]>
              </value>
            </param>
            <param index="8">
              <value>
                <![CDATA[testacca3@gmail.com]]>
              </value>
            </param>
            <param index="9">
              <value>
                <![CDATA[123456]]>
              </value>
            </param>
          </params>
          <reporter-output>
          </reporter-output>
        </test-method> <!-- addCustomerTest -->
        <test-method status="PASS" signature="addCustomerTest(java.lang.String, java.lang.String, int, java.lang.String, java.lang.String, java.lang.String, int, long, java.lang.String, int)[pri:2, instance:tests.TestRunner@14acaea5]" name="addCustomerTest" duration-ms="14655" started-at="2019-03-14T14:01:41Z" data-provider="CustData" finished-at="2019-03-14T14:01:55Z">
          <params>
            <param index="0">
              <value>
                <![CDATA[Testing]]>
              </value>
            </param>
            <param index="1">
              <value>
                <![CDATA[f]]>
              </value>
            </param>
            <param index="2">
              <value>
                <![CDATA[11121989]]>
              </value>
            </param>
            <param index="3">
              <value>
                <![CDATA[test street test colony]]>
              </value>
            </param>
            <param index="4">
              <value>
                <![CDATA[TestCity]]>
              </value>
            </param>
            <param index="5">
              <value>
                <![CDATA[TestState]]>
              </value>
            </param>
            <param index="6">
              <value>
                <![CDATA[123456]]>
              </value>
            </param>
            <param index="7">
              <value>
                <![CDATA[2147483647]]>
              </value>
            </param>
            <param index="8">
              <value>
                <![CDATA[testacca4@gmail.com]]>
              </value>
            </param>
            <param index="9">
              <value>
                <![CDATA[123456]]>
              </value>
            </param>
          </params>
          <reporter-output>
          </reporter-output>
        </test-method> <!-- addCustomerTest -->
        <test-method status="PASS" signature="createAccount(java.lang.String, java.lang.String, int)[pri:3, instance:tests.TestRunner@14acaea5]" name="createAccount" duration-ms="13249" started-at="2019-03-14T14:01:55Z" data-provider="AccountData" finished-at="2019-03-14T14:02:08Z">
          <params>
            <param index="0">
              <value>
                <![CDATA[4408]]>
              </value>
            </param>
            <param index="1">
              <value>
                <![CDATA[Savings]]>
              </value>
            </param>
            <param index="2">
              <value>
                <![CDATA[2000]]>
              </value>
            </param>
          </params>
          <reporter-output>
          </reporter-output>
        </test-method> <!-- createAccount -->
        <test-method status="PASS" signature="createAccount(java.lang.String, java.lang.String, int)[pri:3, instance:tests.TestRunner@14acaea5]" name="createAccount" duration-ms="727" started-at="2019-03-14T14:02:08Z" data-provider="AccountData" finished-at="2019-03-14T14:02:09Z">
          <params>
            <param index="0">
              <value>
                <![CDATA[53448]]>
              </value>
            </param>
            <param index="1">
              <value>
                <![CDATA[Current]]>
              </value>
            </param>
            <param index="2">
              <value>
                <![CDATA[500]]>
              </value>
            </param>
          </params>
          <reporter-output>
          </reporter-output>
        </test-method> <!-- createAccount -->
        <test-method status="PASS" signature="logOutTest()[pri:4, instance:tests.TestRunner@14acaea5]" name="logOutTest" duration-ms="1134" started-at="2019-03-14T14:02:09Z" finished-at="2019-03-14T14:02:10Z">
          <reporter-output>
          </reporter-output>
        </test-method> <!-- logOutTest -->
        <test-method status="PASS" signature="afterTest()[pri:0, instance:tests.TestRunner@14acaea5]" name="afterTest" is-config="true" duration-ms="834" started-at="2019-03-14T14:02:10Z" finished-at="2019-03-14T14:02:11Z">
          <reporter-output>
          </reporter-output>
        </test-method> <!-- afterTest -->
      </class> <!-- tests.TestRunner -->
    </test> <!-- Default test -->
  </suite> <!-- Default suite -->
</testng-results>
