<?xml version="1.0" encoding="UTF-8"?>
<testng-results skipped="0" failed="0" ignored="0" total="8" passed="8">
  <reporter-output>
  </reporter-output>
  <suite name="Default suite" duration-ms="85881" started-at="2019-03-18T10:58:46Z" finished-at="2019-03-18T11:00:12Z">
    <groups>
    </groups>
    <test name="Default test" duration-ms="85881" started-at="2019-03-18T10:58:46Z" finished-at="2019-03-18T11:00:12Z">
      <class name="tests.TestRunner">
        <test-method status="PASS" signature="beforeTest()[pri:0, instance:tests.TestRunner@67a20f67]" name="beforeTest" is-config="true" duration-ms="10603" started-at="2019-03-18T10:58:46Z" finished-at="2019-03-18T10:58:57Z">
          <reporter-output>
          </reporter-output>
        </test-method> <!-- beforeTest -->
        <test-method status="PASS" signature="bankLoginTest(java.lang.String, java.lang.String)[pri:1, instance:tests.TestRunner@67a20f67]" name="bankLoginTest" duration-ms="12256" started-at="2019-03-18T10:58:57Z" data-provider="credentials" finished-at="2019-03-18T10:59:09Z">
          <params>
            <param index="0">
              <value>
                <![CDATA[mngr182546]]>
              </value>
            </param>
            <param index="1">
              <value>
                <![CDATA[myjyvYj]]>
              </value>
            </param>
          </params>
          <reporter-output>
          </reporter-output>
        </test-method> <!-- bankLoginTest -->
        <test-method status="PASS" signature="addCustomerTest(java.lang.String, java.lang.String, int, java.lang.String, java.lang.String, java.lang.String, int, long, java.lang.String, int)[pri:2, instance:tests.TestRunner@67a20f67]" name="addCustomerTest" duration-ms="2782" started-at="2019-03-18T10:59:09Z" data-provider="CustData" finished-at="2019-03-18T10:59:12Z">
          <params>
            <param index="0">
              <value>
                <![CDATA[Testing]]>
              </value>
            </param>
            <param index="1">
              <value>
                <![CDATA[m]]>
              </value>
            </param>
            <param index="2">
              <value>
                <![CDATA[11121989]]>
              </value>
            </param>
            <param index="3">
              <value>
                <![CDATA[test street test colony]]>
              </value>
            </param>
            <param index="4">
              <value>
                <![CDATA[TestCity]]>
              </value>
            </param>
            <param index="5">
              <value>
                <![CDATA[TestState]]>
              </value>
            </param>
            <param index="6">
              <value>
                <![CDATA[123456]]>
              </value>
            </param>
            <param index="7">
              <value>
                <![CDATA[1234567890]]>
              </value>
            </param>
            <param index="8">
              <value>
                <![CDATA[testacc3185@gmail.com]]>
              </value>
            </param>
            <param index="9">
              <value>
                <![CDATA[123456]]>
              </value>
            </param>
          </params>
          <reporter-output>
          </reporter-output>
        </test-method> <!-- addCustomerTest -->
        <test-method status="PASS" signature="addCustomerTest(java.lang.String, java.lang.String, int, java.lang.String, java.lang.String, java.lang.String, int, long, java.lang.String, int)[pri:2, instance:tests.TestRunner@67a20f67]" name="addCustomerTest" duration-ms="2334" started-at="2019-03-18T10:59:12Z" data-provider="CustData" finished-at="2019-03-18T10:59:14Z">
          <params>
            <param index="0">
              <value>
                <![CDATA[Testing]]>
              </value>
            </param>
            <param index="1">
              <value>
                <![CDATA[f]]>
              </value>
            </param>
            <param index="2">
              <value>
                <![CDATA[11121989]]>
              </value>
            </param>
            <param index="3">
              <value>
                <![CDATA[test street test colony]]>
              </value>
            </param>
            <param index="4">
              <value>
                <![CDATA[TestCity]]>
              </value>
            </param>
            <param index="5">
              <value>
                <![CDATA[TestState]]>
              </value>
            </param>
            <param index="6">
              <value>
                <![CDATA[123456]]>
              </value>
            </param>
            <param index="7">
              <value>
                <![CDATA[1234567890]]>
              </value>
            </param>
            <param index="8">
              <value>
                <![CDATA[testacc3186@gmail.com]]>
              </value>
            </param>
            <param index="9">
              <value>
                <![CDATA[123456]]>
              </value>
            </param>
          </params>
          <reporter-output>
          </reporter-output>
        </test-method> <!-- addCustomerTest -->
        <test-method status="PASS" signature="createAccount(java.lang.String, java.lang.String, int)[pri:3, instance:tests.TestRunner@67a20f67]" name="createAccount" duration-ms="8" started-at="2019-03-18T10:59:14Z" data-provider="AccountData" finished-at="2019-03-18T10:59:14Z">
          <params>
            <param index="0">
              <value>
                <![CDATA[57870]]>
              </value>
            </param>
            <param index="1">
              <value>
                <![CDATA[Savings]]>
              </value>
            </param>
            <param index="2">
              <value>
                <![CDATA[2000]]>
              </value>
            </param>
          </params>
          <reporter-output>
          </reporter-output>
        </test-method> <!-- createAccount -->
        <test-method status="PASS" signature="createAccount(java.lang.String, java.lang.String, int)[pri:3, instance:tests.TestRunner@67a20f67]" name="createAccount" duration-ms="3" started-at="2019-03-18T10:59:14Z" data-provider="AccountData" finished-at="2019-03-18T10:59:14Z">
          <params>
            <param index="0">
              <value>
                <![CDATA[84327]]>
              </value>
            </param>
            <param index="1">
              <value>
                <![CDATA[Savings]]>
              </value>
            </param>
            <param index="2">
              <value>
                <![CDATA[2000]]>
              </value>
            </param>
          </params>
          <reporter-output>
          </reporter-output>
        </test-method> <!-- createAccount -->
        <test-method status="PASS" signature="editCustomer(java.lang.String)[pri:4, instance:tests.TestRunner@67a20f67]" name="editCustomer" duration-ms="51174" started-at="2019-03-18T10:59:14Z" data-provider="editCustomer" finished-at="2019-03-18T11:00:05Z">
          <params>
            <param index="0">
              <value>
                <![CDATA[57870]]>
              </value>
            </param>
          </params>
          <reporter-output>
          </reporter-output>
        </test-method> <!-- editCustomer -->
        <test-method status="PASS" signature="editCustomer(java.lang.String)[pri:4, instance:tests.TestRunner@67a20f67]" name="editCustomer" duration-ms="4314" started-at="2019-03-18T11:00:05Z" data-provider="editCustomer" finished-at="2019-03-18T11:00:10Z">
          <params>
            <param index="0">
              <value>
                <![CDATA[84327]]>
              </value>
            </param>
          </params>
          <reporter-output>
          </reporter-output>
        </test-method> <!-- editCustomer -->
        <test-method status="PASS" signature="logOutTest()[pri:5, instance:tests.TestRunner@67a20f67]" name="logOutTest" duration-ms="1476" started-at="2019-03-18T11:00:10Z" finished-at="2019-03-18T11:00:11Z">
          <reporter-output>
          </reporter-output>
        </test-method> <!-- logOutTest -->
        <test-method status="PASS" signature="afterTest()[pri:0, instance:tests.TestRunner@67a20f67]" name="afterTest" is-config="true" duration-ms="847" started-at="2019-03-18T11:00:11Z" finished-at="2019-03-18T11:00:12Z">
          <reporter-output>
          </reporter-output>
        </test-method> <!-- afterTest -->
      </class> <!-- tests.TestRunner -->
    </test> <!-- Default test -->
  </suite> <!-- Default suite -->
</testng-results>
